<?xml version="1.0" encoding="UTF-8"?>
<!-- Generated by org.testng.reporters.JUnitReportReporter -->
<testsuite hostname="DESKTOP-CU4ES2V" failures="0" tests="1" name="Example.Example.testmypursu" time="13.092" errors="0" timestamp="2023-01-12T12:31:28 IST" skipped="0">
  <testcase classname="Example.Example.testmypursu" name="anu" time="13.092"/>
  <system-out/>
</testsuite> <!-- Example.Example.testmypursu -->
