<?xml version="1.0" encoding="UTF-8"?>
<!-- Generated by org.testng.reporters.JUnitReportReporter -->
<testsuite hostname="DESKTOP-CU4ES2V" failures="0" tests="1" name="Example.Example.demo" time="9.019" errors="0" timestamp="2023-01-25T15:02:25 IST" skipped="0">
  <testcase classname="Example.Example.demo" name="setup" time="9.019"/>
  <system-out/>
</testsuite> <!-- Example.Example.demo -->
